<?xml version="1.0" encoding="UTF-8"?>
<testsuite xmlns:xsi="http://www.w3.org/2001/XMLSchema-instance" xsi:noNamespaceSchemaLocation="https://maven.apache.org/surefire/maven-surefire-plugin/xsd/surefire-test-report.xsd" name="com.example.helloworld.HelloControllerApplicationTests" time="8.414" tests="1" errors="0" skipped="0" failures="0">
  <properties>
    <property name="sun.desktop" value="windows"/>
    <property name="awt.toolkit" value="sun.awt.windows.WToolkit"/>
    <property name="file.encoding.pkg" value="sun.io"/>
    <property name="java.specification.version" value="1.8"/>
    <property name="sun.cpu.isalist" value="amd64"/>
    <property name="sun.jnu.encoding" value="GBK"/>
    <property name="java.class.path" value="D:\1学习\软件工程\课程设计\spring\Spring_Test\后端test\target\test-classes;D:\1学习\软件工程\课程设计\spring\Spring_Test\后端test\target\classes;D:\resource\code\java\maven\apache-maven-3.8.2\repository\org\springframework\boot\spring-boot-starter-web\2.5.6\spring-boot-starter-web-2.5.6.jar;D:\resource\code\java\maven\apache-maven-3.8.2\repository\org\springframework\boot\spring-boot-starter\2.5.6\spring-boot-starter-2.5.6.jar;D:\resource\code\java\maven\apache-maven-3.8.2\repository\org\springframework\boot\spring-boot-starter-logging\2.5.6\spring-boot-starter-logging-2.5.6.jar;D:\resource\code\java\maven\apache-maven-3.8.2\repository\ch\qos\logback\logback-classic\1.2.6\logback-classic-1.2.6.jar;D:\resource\code\java\maven\apache-maven-3.8.2\repository\ch\qos\logback\logback-core\1.2.6\logback-core-1.2.6.jar;D:\resource\code\java\maven\apache-maven-3.8.2\repository\org\apache\logging\log4j\log4j-to-slf4j\2.14.1\log4j-to-slf4j-2.14.1.jar;D:\resource\code\java\maven\apache-maven-3.8.2\repository\org\apache\logging\log4j\log4j-api\2.14.1\log4j-api-2.14.1.jar;D:\resource\code\java\maven\apache-maven-3.8.2\repository\org\slf4j\jul-to-slf4j\1.7.32\jul-to-slf4j-1.7.32.jar;D:\resource\code\java\maven\apache-maven-3.8.2\repository\jakarta\annotation\jakarta.annotation-api\1.3.5\jakarta.annotation-api-1.3.5.jar;D:\resource\code\java\maven\apache-maven-3.8.2\repository\org\yaml\snakeyaml\1.28\snakeyaml-1.28.jar;D:\resource\code\java\maven\apache-maven-3.8.2\repository\org\springframework\boot\spring-boot-starter-json\2.5.6\spring-boot-starter-json-2.5.6.jar;D:\resource\code\java\maven\apache-maven-3.8.2\repository\com\fasterxml\jackson\core\jackson-databind\2.12.5\jackson-databind-2.12.5.jar;D:\resource\code\java\maven\apache-maven-3.8.2\repository\com\fasterxml\jackson\core\jackson-core\2.12.5\jackson-core-2.12.5.jar;D:\resource\code\java\maven\apache-maven-3.8.2\repository\com\fasterxml\jackson\datatype\jackson-datatype-jdk8\2.12.5\jackson-datatype-jdk8-2.12.5.jar;D:\resource\code\java\maven\apache-maven-3.8.2\repository\com\fasterxml\jackson\datatype\jackson-datatype-jsr310\2.12.5\jackson-datatype-jsr310-2.12.5.jar;D:\resource\code\java\maven\apache-maven-3.8.2\repository\com\fasterxml\jackson\module\jackson-module-parameter-names\2.12.5\jackson-module-parameter-names-2.12.5.jar;D:\resource\code\java\maven\apache-maven-3.8.2\repository\org\springframework\boot\spring-boot-starter-tomcat\2.5.6\spring-boot-starter-tomcat-2.5.6.jar;D:\resource\code\java\maven\apache-maven-3.8.2\repository\org\apache\tomcat\embed\tomcat-embed-core\9.0.54\tomcat-embed-core-9.0.54.jar;D:\resource\code\java\maven\apache-maven-3.8.2\repository\org\apache\tomcat\embed\tomcat-embed-el\9.0.54\tomcat-embed-el-9.0.54.jar;D:\resource\code\java\maven\apache-maven-3.8.2\repository\org\apache\tomcat\embed\tomcat-embed-websocket\9.0.54\tomcat-embed-websocket-9.0.54.jar;D:\resource\code\java\maven\apache-maven-3.8.2\repository\org\springframework\spring-web\5.3.12\spring-web-5.3.12.jar;D:\resource\code\java\maven\apache-maven-3.8.2\repository\org\springframework\spring-beans\5.3.12\spring-beans-5.3.12.jar;D:\resource\code\java\maven\apache-maven-3.8.2\repository\org\springframework\spring-webmvc\5.3.12\spring-webmvc-5.3.12.jar;D:\resource\code\java\maven\apache-maven-3.8.2\repository\org\springframework\spring-aop\5.3.12\spring-aop-5.3.12.jar;D:\resource\code\java\maven\apache-maven-3.8.2\repository\org\springframework\spring-context\5.3.12\spring-context-5.3.12.jar;D:\resource\code\java\maven\apache-maven-3.8.2\repository\org\springframework\spring-expression\5.3.12\spring-expression-5.3.12.jar;D:\resource\code\java\maven\apache-maven-3.8.2\repository\org\springframework\boot\spring-boot-starter-test\2.5.6\spring-boot-starter-test-2.5.6.jar;D:\resource\code\java\maven\apache-maven-3.8.2\repository\org\springframework\boot\spring-boot-test\2.5.6\spring-boot-test-2.5.6.jar;D:\resource\code\java\maven\apache-maven-3.8.2\repository\org\springframework\boot\spring-boot-test-autoconfigure\2.5.6\spring-boot-test-autoconfigure-2.5.6.jar;D:\resource\code\java\maven\apache-maven-3.8.2\repository\com\jayway\jsonpath\json-path\2.5.0\json-path-2.5.0.jar;D:\resource\code\java\maven\apache-maven-3.8.2\repository\net\minidev\json-smart\2.4.7\json-smart-2.4.7.jar;D:\resource\code\java\maven\apache-maven-3.8.2\repository\net\minidev\accessors-smart\2.4.7\accessors-smart-2.4.7.jar;D:\resource\code\java\maven\apache-maven-3.8.2\repository\org\ow2\asm\asm\9.1\asm-9.1.jar;D:\resource\code\java\maven\apache-maven-3.8.2\repository\jakarta\xml\bind\jakarta.xml.bind-api\2.3.3\jakarta.xml.bind-api-2.3.3.jar;D:\resource\code\java\maven\apache-maven-3.8.2\repository\jakarta\activation\jakarta.activation-api\1.2.2\jakarta.activation-api-1.2.2.jar;D:\resource\code\java\maven\apache-maven-3.8.2\repository\org\assertj\assertj-core\3.19.0\assertj-core-3.19.0.jar;D:\resource\code\java\maven\apache-maven-3.8.2\repository\org\hamcrest\hamcrest\2.2\hamcrest-2.2.jar;D:\resource\code\java\maven\apache-maven-3.8.2\repository\org\junit\jupiter\junit-jupiter\5.7.2\junit-jupiter-5.7.2.jar;D:\resource\code\java\maven\apache-maven-3.8.2\repository\org\junit\jupiter\junit-jupiter-api\5.7.2\junit-jupiter-api-5.7.2.jar;D:\resource\code\java\maven\apache-maven-3.8.2\repository\org\apiguardian\apiguardian-api\1.1.0\apiguardian-api-1.1.0.jar;D:\resource\code\java\maven\apache-maven-3.8.2\repository\org\opentest4j\opentest4j\1.2.0\opentest4j-1.2.0.jar;D:\resource\code\java\maven\apache-maven-3.8.2\repository\org\junit\platform\junit-platform-commons\1.7.2\junit-platform-commons-1.7.2.jar;D:\resource\code\java\maven\apache-maven-3.8.2\repository\org\junit\jupiter\junit-jupiter-params\5.7.2\junit-jupiter-params-5.7.2.jar;D:\resource\code\java\maven\apache-maven-3.8.2\repository\org\junit\jupiter\junit-jupiter-engine\5.7.2\junit-jupiter-engine-5.7.2.jar;D:\resource\code\java\maven\apache-maven-3.8.2\repository\org\junit\platform\junit-platform-engine\1.7.2\junit-platform-engine-1.7.2.jar;D:\resource\code\java\maven\apache-maven-3.8.2\repository\org\mockito\mockito-core\3.9.0\mockito-core-3.9.0.jar;D:\resource\code\java\maven\apache-maven-3.8.2\repository\net\bytebuddy\byte-buddy\1.10.22\byte-buddy-1.10.22.jar;D:\resource\code\java\maven\apache-maven-3.8.2\repository\net\bytebuddy\byte-buddy-agent\1.10.22\byte-buddy-agent-1.10.22.jar;D:\resource\code\java\maven\apache-maven-3.8.2\repository\org\objenesis\objenesis\3.2\objenesis-3.2.jar;D:\resource\code\java\maven\apache-maven-3.8.2\repository\org\mockito\mockito-junit-jupiter\3.9.0\mockito-junit-jupiter-3.9.0.jar;D:\resource\code\java\maven\apache-maven-3.8.2\repository\org\skyscreamer\jsonassert\1.5.0\jsonassert-1.5.0.jar;D:\resource\code\java\maven\apache-maven-3.8.2\repository\com\vaadin\external\google\android-json\0.0.20131108.vaadin1\android-json-0.0.20131108.vaadin1.jar;D:\resource\code\java\maven\apache-maven-3.8.2\repository\org\springframework\spring-core\5.3.12\spring-core-5.3.12.jar;D:\resource\code\java\maven\apache-maven-3.8.2\repository\org\springframework\spring-jcl\5.3.12\spring-jcl-5.3.12.jar;D:\resource\code\java\maven\apache-maven-3.8.2\repository\org\springframework\spring-test\5.3.12\spring-test-5.3.12.jar;D:\resource\code\java\maven\apache-maven-3.8.2\repository\org\xmlunit\xmlunit-core\2.8.3\xmlunit-core-2.8.3.jar;D:\resource\code\java\maven\apache-maven-3.8.2\repository\mysql\mysql-connector-java\8.0.27\mysql-connector-java-8.0.27.jar;D:\resource\code\java\maven\apache-maven-3.8.2\repository\org\springframework\boot\spring-boot-starter-jdbc\2.5.6\spring-boot-starter-jdbc-2.5.6.jar;D:\resource\code\java\maven\apache-maven-3.8.2\repository\com\zaxxer\HikariCP\4.0.3\HikariCP-4.0.3.jar;D:\resource\code\java\maven\apache-maven-3.8.2\repository\org\springframework\spring-jdbc\5.3.12\spring-jdbc-5.3.12.jar;D:\resource\code\java\maven\apache-maven-3.8.2\repository\org\springframework\boot\spring-boot-starter-data-jpa\2.5.6\spring-boot-starter-data-jpa-2.5.6.jar;D:\resource\code\java\maven\apache-maven-3.8.2\repository\org\springframework\boot\spring-boot-starter-aop\2.5.6\spring-boot-starter-aop-2.5.6.jar;D:\resource\code\java\maven\apache-maven-3.8.2\repository\org\aspectj\aspectjweaver\1.9.7\aspectjweaver-1.9.7.jar;D:\resource\code\java\maven\apache-maven-3.8.2\repository\jakarta\transaction\jakarta.transaction-api\1.3.3\jakarta.transaction-api-1.3.3.jar;D:\resource\code\java\maven\apache-maven-3.8.2\repository\jakarta\persistence\jakarta.persistence-api\2.2.3\jakarta.persistence-api-2.2.3.jar;D:\resource\code\java\maven\apache-maven-3.8.2\repository\org\hibernate\hibernate-core\5.4.32.Final\hibernate-core-5.4.32.Final.jar;D:\resource\code\java\maven\apache-maven-3.8.2\repository\org\jboss\logging\jboss-logging\3.4.2.Final\jboss-logging-3.4.2.Final.jar;D:\resource\code\java\maven\apache-maven-3.8.2\repository\org\javassist\javassist\3.27.0-GA\javassist-3.27.0-GA.jar;D:\resource\code\java\maven\apache-maven-3.8.2\repository\antlr\antlr\2.7.7\antlr-2.7.7.jar;D:\resource\code\java\maven\apache-maven-3.8.2\repository\org\jboss\jandex\2.2.3.Final\jandex-2.2.3.Final.jar;D:\resource\code\java\maven\apache-maven-3.8.2\repository\org\dom4j\dom4j\2.1.3\dom4j-2.1.3.jar;D:\resource\code\java\maven\apache-maven-3.8.2\repository\org\hibernate\common\hibernate-commons-annotations\5.1.2.Final\hibernate-commons-annotations-5.1.2.Final.jar;D:\resource\code\java\maven\apache-maven-3.8.2\repository\org\glassfish\jaxb\jaxb-runtime\2.3.5\jaxb-runtime-2.3.5.jar;D:\resource\code\java\maven\apache-maven-3.8.2\repository\org\glassfish\jaxb\txw2\2.3.5\txw2-2.3.5.jar;D:\resource\code\java\maven\apache-maven-3.8.2\repository\com\sun\istack\istack-commons-runtime\3.0.12\istack-commons-runtime-3.0.12.jar;D:\resource\code\java\maven\apache-maven-3.8.2\repository\org\springframework\data\spring-data-jpa\2.5.6\spring-data-jpa-2.5.6.jar;D:\resource\code\java\maven\apache-maven-3.8.2\repository\org\springframework\data\spring-data-commons\2.5.6\spring-data-commons-2.5.6.jar;D:\resource\code\java\maven\apache-maven-3.8.2\repository\org\springframework\spring-orm\5.3.12\spring-orm-5.3.12.jar;D:\resource\code\java\maven\apache-maven-3.8.2\repository\org\springframework\spring-aspects\5.3.12\spring-aspects-5.3.12.jar;D:\resource\code\java\maven\apache-maven-3.8.2\repository\org\projectlombok\lombok\1.18.22\lombok-1.18.22.jar;D:\resource\code\java\maven\apache-maven-3.8.2\repository\io\springfox\springfox-swagger2\2.8.0\springfox-swagger2-2.8.0.jar;D:\resource\code\java\maven\apache-maven-3.8.2\repository\io\swagger\swagger-annotations\1.5.14\swagger-annotations-1.5.14.jar;D:\resource\code\java\maven\apache-maven-3.8.2\repository\io\swagger\swagger-models\1.5.14\swagger-models-1.5.14.jar;D:\resource\code\java\maven\apache-maven-3.8.2\repository\com\fasterxml\jackson\core\jackson-annotations\2.12.5\jackson-annotations-2.12.5.jar;D:\resource\code\java\maven\apache-maven-3.8.2\repository\io\springfox\springfox-spi\2.8.0\springfox-spi-2.8.0.jar;D:\resource\code\java\maven\apache-maven-3.8.2\repository\io\springfox\springfox-core\2.8.0\springfox-core-2.8.0.jar;D:\resource\code\java\maven\apache-maven-3.8.2\repository\io\springfox\springfox-schema\2.8.0\springfox-schema-2.8.0.jar;D:\resource\code\java\maven\apache-maven-3.8.2\repository\io\springfox\springfox-swagger-common\2.8.0\springfox-swagger-common-2.8.0.jar;D:\resource\code\java\maven\apache-maven-3.8.2\repository\io\springfox\springfox-spring-web\2.8.0\springfox-spring-web-2.8.0.jar;D:\resource\code\java\maven\apache-maven-3.8.2\repository\org\reflections\reflections\0.9.11\reflections-0.9.11.jar;D:\resource\code\java\maven\apache-maven-3.8.2\repository\com\google\guava\guava\20.0\guava-20.0.jar;D:\resource\code\java\maven\apache-maven-3.8.2\repository\com\fasterxml\classmate\1.5.1\classmate-1.5.1.jar;D:\resource\code\java\maven\apache-maven-3.8.2\repository\org\slf4j\slf4j-api\1.7.32\slf4j-api-1.7.32.jar;D:\resource\code\java\maven\apache-maven-3.8.2\repository\org\springframework\plugin\spring-plugin-core\1.2.0.RELEASE\spring-plugin-core-1.2.0.RELEASE.jar;D:\resource\code\java\maven\apache-maven-3.8.2\repository\org\springframework\plugin\spring-plugin-metadata\1.2.0.RELEASE\spring-plugin-metadata-1.2.0.RELEASE.jar;D:\resource\code\java\maven\apache-maven-3.8.2\repository\org\mapstruct\mapstruct\1.2.0.Final\mapstruct-1.2.0.Final.jar;D:\resource\code\java\maven\apache-maven-3.8.2\repository\io\springfox\springfox-swagger-ui\2.8.0\springfox-swagger-ui-2.8.0.jar;D:\resource\code\java\maven\apache-maven-3.8.2\repository\com\qiniu\qiniu-java-sdk\7.2.29\qiniu-java-sdk-7.2.29.jar;D:\resource\code\java\maven\apache-maven-3.8.2\repository\com\squareup\okhttp3\okhttp\3.3.1\okhttp-3.3.1.jar;D:\resource\code\java\maven\apache-maven-3.8.2\repository\com\squareup\okio\okio\1.8.0\okio-1.8.0.jar;D:\resource\code\java\maven\apache-maven-3.8.2\repository\com\google\code\gson\gson\2.6.2\gson-2.6.2.jar;D:\resource\code\java\maven\apache-maven-3.8.2\repository\com\qiniu\happy-dns-java\0.1.4\happy-dns-java-0.1.4.jar;D:\resource\code\java\maven\apache-maven-3.8.2\repository\org\springframework\boot\spring-boot-starter-quartz\2.5.6\spring-boot-starter-quartz-2.5.6.jar;D:\resource\code\java\maven\apache-maven-3.8.2\repository\org\springframework\spring-context-support\5.3.12\spring-context-support-5.3.12.jar;D:\resource\code\java\maven\apache-maven-3.8.2\repository\org\springframework\spring-tx\5.3.12\spring-tx-5.3.12.jar;D:\resource\code\java\maven\apache-maven-3.8.2\repository\org\quartz-scheduler\quartz\2.3.2\quartz-2.3.2.jar;D:\resource\code\java\maven\apache-maven-3.8.2\repository\com\mchange\mchange-commons-java\0.2.15\mchange-commons-java-0.2.15.jar;D:\resource\code\java\maven\apache-maven-3.8.2\repository\org\springframework\boot\spring-boot-starter-mail\2.5.6\spring-boot-starter-mail-2.5.6.jar;D:\resource\code\java\maven\apache-maven-3.8.2\repository\com\sun\mail\jakarta.mail\1.6.7\jakarta.mail-1.6.7.jar;D:\resource\code\java\maven\apache-maven-3.8.2\repository\com\sun\activation\jakarta.activation\1.2.2\jakarta.activation-1.2.2.jar;D:\resource\code\java\maven\apache-maven-3.8.2\repository\org\springframework\boot\spring-boot-devtools\2.5.6\spring-boot-devtools-2.5.6.jar;D:\resource\code\java\maven\apache-maven-3.8.2\repository\org\springframework\boot\spring-boot\2.5.6\spring-boot-2.5.6.jar;D:\resource\code\java\maven\apache-maven-3.8.2\repository\org\springframework\boot\spring-boot-autoconfigure\2.5.6\spring-boot-autoconfigure-2.5.6.jar;"/>
    <property name="java.vm.vendor" value="Oracle Corporation"/>
    <property name="sun.arch.data.model" value="64"/>
    <property name="user.variant" value=""/>
    <property name="java.vendor.url" value="http://java.oracle.com/"/>
    <property name="user.timezone" value="Asia/Shanghai"/>
    <property name="java.vm.specification.version" value="1.8"/>
    <property name="os.name" value="Windows 10"/>
    <property name="user.country" value="CN"/>
    <property name="sun.java.launcher" value="SUN_STANDARD"/>
    <property name="sun.boot.library.path" value="C:\Program Files\Java\jdk1.8.0_201\jre\bin"/>
    <property name="sun.java.command" value="C:\Users\86150\AppData\Local\Temp\surefire1716896880985113014\surefirebooter8627225308471186646.jar C:\Users\86150\AppData\Local\Temp\surefire1716896880985113014 2022-01-10T13-09-09_308-jvmRun1 surefire7865472779302042404tmp surefire_01712435338265869048tmp"/>
    <property name="surefire.test.class.path" value="D:\1学习\软件工程\课程设计\spring\Spring_Test\后端test\target\test-classes;D:\1学习\软件工程\课程设计\spring\Spring_Test\后端test\target\classes;D:\resource\code\java\maven\apache-maven-3.8.2\repository\org\springframework\boot\spring-boot-starter-web\2.5.6\spring-boot-starter-web-2.5.6.jar;D:\resource\code\java\maven\apache-maven-3.8.2\repository\org\springframework\boot\spring-boot-starter\2.5.6\spring-boot-starter-2.5.6.jar;D:\resource\code\java\maven\apache-maven-3.8.2\repository\org\springframework\boot\spring-boot-starter-logging\2.5.6\spring-boot-starter-logging-2.5.6.jar;D:\resource\code\java\maven\apache-maven-3.8.2\repository\ch\qos\logback\logback-classic\1.2.6\logback-classic-1.2.6.jar;D:\resource\code\java\maven\apache-maven-3.8.2\repository\ch\qos\logback\logback-core\1.2.6\logback-core-1.2.6.jar;D:\resource\code\java\maven\apache-maven-3.8.2\repository\org\apache\logging\log4j\log4j-to-slf4j\2.14.1\log4j-to-slf4j-2.14.1.jar;D:\resource\code\java\maven\apache-maven-3.8.2\repository\org\apache\logging\log4j\log4j-api\2.14.1\log4j-api-2.14.1.jar;D:\resource\code\java\maven\apache-maven-3.8.2\repository\org\slf4j\jul-to-slf4j\1.7.32\jul-to-slf4j-1.7.32.jar;D:\resource\code\java\maven\apache-maven-3.8.2\repository\jakarta\annotation\jakarta.annotation-api\1.3.5\jakarta.annotation-api-1.3.5.jar;D:\resource\code\java\maven\apache-maven-3.8.2\repository\org\yaml\snakeyaml\1.28\snakeyaml-1.28.jar;D:\resource\code\java\maven\apache-maven-3.8.2\repository\org\springframework\boot\spring-boot-starter-json\2.5.6\spring-boot-starter-json-2.5.6.jar;D:\resource\code\java\maven\apache-maven-3.8.2\repository\com\fasterxml\jackson\core\jackson-databind\2.12.5\jackson-databind-2.12.5.jar;D:\resource\code\java\maven\apache-maven-3.8.2\repository\com\fasterxml\jackson\core\jackson-core\2.12.5\jackson-core-2.12.5.jar;D:\resource\code\java\maven\apache-maven-3.8.2\repository\com\fasterxml\jackson\datatype\jackson-datatype-jdk8\2.12.5\jackson-datatype-jdk8-2.12.5.jar;D:\resource\code\java\maven\apache-maven-3.8.2\repository\com\fasterxml\jackson\datatype\jackson-datatype-jsr310\2.12.5\jackson-datatype-jsr310-2.12.5.jar;D:\resource\code\java\maven\apache-maven-3.8.2\repository\com\fasterxml\jackson\module\jackson-module-parameter-names\2.12.5\jackson-module-parameter-names-2.12.5.jar;D:\resource\code\java\maven\apache-maven-3.8.2\repository\org\springframework\boot\spring-boot-starter-tomcat\2.5.6\spring-boot-starter-tomcat-2.5.6.jar;D:\resource\code\java\maven\apache-maven-3.8.2\repository\org\apache\tomcat\embed\tomcat-embed-core\9.0.54\tomcat-embed-core-9.0.54.jar;D:\resource\code\java\maven\apache-maven-3.8.2\repository\org\apache\tomcat\embed\tomcat-embed-el\9.0.54\tomcat-embed-el-9.0.54.jar;D:\resource\code\java\maven\apache-maven-3.8.2\repository\org\apache\tomcat\embed\tomcat-embed-websocket\9.0.54\tomcat-embed-websocket-9.0.54.jar;D:\resource\code\java\maven\apache-maven-3.8.2\repository\org\springframework\spring-web\5.3.12\spring-web-5.3.12.jar;D:\resource\code\java\maven\apache-maven-3.8.2\repository\org\springframework\spring-beans\5.3.12\spring-beans-5.3.12.jar;D:\resource\code\java\maven\apache-maven-3.8.2\repository\org\springframework\spring-webmvc\5.3.12\spring-webmvc-5.3.12.jar;D:\resource\code\java\maven\apache-maven-3.8.2\repository\org\springframework\spring-aop\5.3.12\spring-aop-5.3.12.jar;D:\resource\code\java\maven\apache-maven-3.8.2\repository\org\springframework\spring-context\5.3.12\spring-context-5.3.12.jar;D:\resource\code\java\maven\apache-maven-3.8.2\repository\org\springframework\spring-expression\5.3.12\spring-expression-5.3.12.jar;D:\resource\code\java\maven\apache-maven-3.8.2\repository\org\springframework\boot\spring-boot-starter-test\2.5.6\spring-boot-starter-test-2.5.6.jar;D:\resource\code\java\maven\apache-maven-3.8.2\repository\org\springframework\boot\spring-boot-test\2.5.6\spring-boot-test-2.5.6.jar;D:\resource\code\java\maven\apache-maven-3.8.2\repository\org\springframework\boot\spring-boot-test-autoconfigure\2.5.6\spring-boot-test-autoconfigure-2.5.6.jar;D:\resource\code\java\maven\apache-maven-3.8.2\repository\com\jayway\jsonpath\json-path\2.5.0\json-path-2.5.0.jar;D:\resource\code\java\maven\apache-maven-3.8.2\repository\net\minidev\json-smart\2.4.7\json-smart-2.4.7.jar;D:\resource\code\java\maven\apache-maven-3.8.2\repository\net\minidev\accessors-smart\2.4.7\accessors-smart-2.4.7.jar;D:\resource\code\java\maven\apache-maven-3.8.2\repository\org\ow2\asm\asm\9.1\asm-9.1.jar;D:\resource\code\java\maven\apache-maven-3.8.2\repository\jakarta\xml\bind\jakarta.xml.bind-api\2.3.3\jakarta.xml.bind-api-2.3.3.jar;D:\resource\code\java\maven\apache-maven-3.8.2\repository\jakarta\activation\jakarta.activation-api\1.2.2\jakarta.activation-api-1.2.2.jar;D:\resource\code\java\maven\apache-maven-3.8.2\repository\org\assertj\assertj-core\3.19.0\assertj-core-3.19.0.jar;D:\resource\code\java\maven\apache-maven-3.8.2\repository\org\hamcrest\hamcrest\2.2\hamcrest-2.2.jar;D:\resource\code\java\maven\apache-maven-3.8.2\repository\org\junit\jupiter\junit-jupiter\5.7.2\junit-jupiter-5.7.2.jar;D:\resource\code\java\maven\apache-maven-3.8.2\repository\org\junit\jupiter\junit-jupiter-api\5.7.2\junit-jupiter-api-5.7.2.jar;D:\resource\code\java\maven\apache-maven-3.8.2\repository\org\apiguardian\apiguardian-api\1.1.0\apiguardian-api-1.1.0.jar;D:\resource\code\java\maven\apache-maven-3.8.2\repository\org\opentest4j\opentest4j\1.2.0\opentest4j-1.2.0.jar;D:\resource\code\java\maven\apache-maven-3.8.2\repository\org\junit\platform\junit-platform-commons\1.7.2\junit-platform-commons-1.7.2.jar;D:\resource\code\java\maven\apache-maven-3.8.2\repository\org\junit\jupiter\junit-jupiter-params\5.7.2\junit-jupiter-params-5.7.2.jar;D:\resource\code\java\maven\apache-maven-3.8.2\repository\org\junit\jupiter\junit-jupiter-engine\5.7.2\junit-jupiter-engine-5.7.2.jar;D:\resource\code\java\maven\apache-maven-3.8.2\repository\org\junit\platform\junit-platform-engine\1.7.2\junit-platform-engine-1.7.2.jar;D:\resource\code\java\maven\apache-maven-3.8.2\repository\org\mockito\mockito-core\3.9.0\mockito-core-3.9.0.jar;D:\resource\code\java\maven\apache-maven-3.8.2\repository\net\bytebuddy\byte-buddy\1.10.22\byte-buddy-1.10.22.jar;D:\resource\code\java\maven\apache-maven-3.8.2\repository\net\bytebuddy\byte-buddy-agent\1.10.22\byte-buddy-agent-1.10.22.jar;D:\resource\code\java\maven\apache-maven-3.8.2\repository\org\objenesis\objenesis\3.2\objenesis-3.2.jar;D:\resource\code\java\maven\apache-maven-3.8.2\repository\org\mockito\mockito-junit-jupiter\3.9.0\mockito-junit-jupiter-3.9.0.jar;D:\resource\code\java\maven\apache-maven-3.8.2\repository\org\skyscreamer\jsonassert\1.5.0\jsonassert-1.5.0.jar;D:\resource\code\java\maven\apache-maven-3.8.2\repository\com\vaadin\external\google\android-json\0.0.20131108.vaadin1\android-json-0.0.20131108.vaadin1.jar;D:\resource\code\java\maven\apache-maven-3.8.2\repository\org\springframework\spring-core\5.3.12\spring-core-5.3.12.jar;D:\resource\code\java\maven\apache-maven-3.8.2\repository\org\springframework\spring-jcl\5.3.12\spring-jcl-5.3.12.jar;D:\resource\code\java\maven\apache-maven-3.8.2\repository\org\springframework\spring-test\5.3.12\spring-test-5.3.12.jar;D:\resource\code\java\maven\apache-maven-3.8.2\repository\org\xmlunit\xmlunit-core\2.8.3\xmlunit-core-2.8.3.jar;D:\resource\code\java\maven\apache-maven-3.8.2\repository\mysql\mysql-connector-java\8.0.27\mysql-connector-java-8.0.27.jar;D:\resource\code\java\maven\apache-maven-3.8.2\repository\org\springframework\boot\spring-boot-starter-jdbc\2.5.6\spring-boot-starter-jdbc-2.5.6.jar;D:\resource\code\java\maven\apache-maven-3.8.2\repository\com\zaxxer\HikariCP\4.0.3\HikariCP-4.0.3.jar;D:\resource\code\java\maven\apache-maven-3.8.2\repository\org\springframework\spring-jdbc\5.3.12\spring-jdbc-5.3.12.jar;D:\resource\code\java\maven\apache-maven-3.8.2\repository\org\springframework\boot\spring-boot-starter-data-jpa\2.5.6\spring-boot-starter-data-jpa-2.5.6.jar;D:\resource\code\java\maven\apache-maven-3.8.2\repository\org\springframework\boot\spring-boot-starter-aop\2.5.6\spring-boot-starter-aop-2.5.6.jar;D:\resource\code\java\maven\apache-maven-3.8.2\repository\org\aspectj\aspectjweaver\1.9.7\aspectjweaver-1.9.7.jar;D:\resource\code\java\maven\apache-maven-3.8.2\repository\jakarta\transaction\jakarta.transaction-api\1.3.3\jakarta.transaction-api-1.3.3.jar;D:\resource\code\java\maven\apache-maven-3.8.2\repository\jakarta\persistence\jakarta.persistence-api\2.2.3\jakarta.persistence-api-2.2.3.jar;D:\resource\code\java\maven\apache-maven-3.8.2\repository\org\hibernate\hibernate-core\5.4.32.Final\hibernate-core-5.4.32.Final.jar;D:\resource\code\java\maven\apache-maven-3.8.2\repository\org\jboss\logging\jboss-logging\3.4.2.Final\jboss-logging-3.4.2.Final.jar;D:\resource\code\java\maven\apache-maven-3.8.2\repository\org\javassist\javassist\3.27.0-GA\javassist-3.27.0-GA.jar;D:\resource\code\java\maven\apache-maven-3.8.2\repository\antlr\antlr\2.7.7\antlr-2.7.7.jar;D:\resource\code\java\maven\apache-maven-3.8.2\repository\org\jboss\jandex\2.2.3.Final\jandex-2.2.3.Final.jar;D:\resource\code\java\maven\apache-maven-3.8.2\repository\org\dom4j\dom4j\2.1.3\dom4j-2.1.3.jar;D:\resource\code\java\maven\apache-maven-3.8.2\repository\org\hibernate\common\hibernate-commons-annotations\5.1.2.Final\hibernate-commons-annotations-5.1.2.Final.jar;D:\resource\code\java\maven\apache-maven-3.8.2\repository\org\glassfish\jaxb\jaxb-runtime\2.3.5\jaxb-runtime-2.3.5.jar;D:\resource\code\java\maven\apache-maven-3.8.2\repository\org\glassfish\jaxb\txw2\2.3.5\txw2-2.3.5.jar;D:\resource\code\java\maven\apache-maven-3.8.2\repository\com\sun\istack\istack-commons-runtime\3.0.12\istack-commons-runtime-3.0.12.jar;D:\resource\code\java\maven\apache-maven-3.8.2\repository\org\springframework\data\spring-data-jpa\2.5.6\spring-data-jpa-2.5.6.jar;D:\resource\code\java\maven\apache-maven-3.8.2\repository\org\springframework\data\spring-data-commons\2.5.6\spring-data-commons-2.5.6.jar;D:\resource\code\java\maven\apache-maven-3.8.2\repository\org\springframework\spring-orm\5.3.12\spring-orm-5.3.12.jar;D:\resource\code\java\maven\apache-maven-3.8.2\repository\org\springframework\spring-aspects\5.3.12\spring-aspects-5.3.12.jar;D:\resource\code\java\maven\apache-maven-3.8.2\repository\org\projectlombok\lombok\1.18.22\lombok-1.18.22.jar;D:\resource\code\java\maven\apache-maven-3.8.2\repository\io\springfox\springfox-swagger2\2.8.0\springfox-swagger2-2.8.0.jar;D:\resource\code\java\maven\apache-maven-3.8.2\repository\io\swagger\swagger-annotations\1.5.14\swagger-annotations-1.5.14.jar;D:\resource\code\java\maven\apache-maven-3.8.2\repository\io\swagger\swagger-models\1.5.14\swagger-models-1.5.14.jar;D:\resource\code\java\maven\apache-maven-3.8.2\repository\com\fasterxml\jackson\core\jackson-annotations\2.12.5\jackson-annotations-2.12.5.jar;D:\resource\code\java\maven\apache-maven-3.8.2\repository\io\springfox\springfox-spi\2.8.0\springfox-spi-2.8.0.jar;D:\resource\code\java\maven\apache-maven-3.8.2\repository\io\springfox\springfox-core\2.8.0\springfox-core-2.8.0.jar;D:\resource\code\java\maven\apache-maven-3.8.2\repository\io\springfox\springfox-schema\2.8.0\springfox-schema-2.8.0.jar;D:\resource\code\java\maven\apache-maven-3.8.2\repository\io\springfox\springfox-swagger-common\2.8.0\springfox-swagger-common-2.8.0.jar;D:\resource\code\java\maven\apache-maven-3.8.2\repository\io\springfox\springfox-spring-web\2.8.0\springfox-spring-web-2.8.0.jar;D:\resource\code\java\maven\apache-maven-3.8.2\repository\org\reflections\reflections\0.9.11\reflections-0.9.11.jar;D:\resource\code\java\maven\apache-maven-3.8.2\repository\com\google\guava\guava\20.0\guava-20.0.jar;D:\resource\code\java\maven\apache-maven-3.8.2\repository\com\fasterxml\classmate\1.5.1\classmate-1.5.1.jar;D:\resource\code\java\maven\apache-maven-3.8.2\repository\org\slf4j\slf4j-api\1.7.32\slf4j-api-1.7.32.jar;D:\resource\code\java\maven\apache-maven-3.8.2\repository\org\springframework\plugin\spring-plugin-core\1.2.0.RELEASE\spring-plugin-core-1.2.0.RELEASE.jar;D:\resource\code\java\maven\apache-maven-3.8.2\repository\org\springframework\plugin\spring-plugin-metadata\1.2.0.RELEASE\spring-plugin-metadata-1.2.0.RELEASE.jar;D:\resource\code\java\maven\apache-maven-3.8.2\repository\org\mapstruct\mapstruct\1.2.0.Final\mapstruct-1.2.0.Final.jar;D:\resource\code\java\maven\apache-maven-3.8.2\repository\io\springfox\springfox-swagger-ui\2.8.0\springfox-swagger-ui-2.8.0.jar;D:\resource\code\java\maven\apache-maven-3.8.2\repository\com\qiniu\qiniu-java-sdk\7.2.29\qiniu-java-sdk-7.2.29.jar;D:\resource\code\java\maven\apache-maven-3.8.2\repository\com\squareup\okhttp3\okhttp\3.3.1\okhttp-3.3.1.jar;D:\resource\code\java\maven\apache-maven-3.8.2\repository\com\squareup\okio\okio\1.8.0\okio-1.8.0.jar;D:\resource\code\java\maven\apache-maven-3.8.2\repository\com\google\code\gson\gson\2.6.2\gson-2.6.2.jar;D:\resource\code\java\maven\apache-maven-3.8.2\repository\com\qiniu\happy-dns-java\0.1.4\happy-dns-java-0.1.4.jar;D:\resource\code\java\maven\apache-maven-3.8.2\repository\org\springframework\boot\spring-boot-starter-quartz\2.5.6\spring-boot-starter-quartz-2.5.6.jar;D:\resource\code\java\maven\apache-maven-3.8.2\repository\org\springframework\spring-context-support\5.3.12\spring-context-support-5.3.12.jar;D:\resource\code\java\maven\apache-maven-3.8.2\repository\org\springframework\spring-tx\5.3.12\spring-tx-5.3.12.jar;D:\resource\code\java\maven\apache-maven-3.8.2\repository\org\quartz-scheduler\quartz\2.3.2\quartz-2.3.2.jar;D:\resource\code\java\maven\apache-maven-3.8.2\repository\com\mchange\mchange-commons-java\0.2.15\mchange-commons-java-0.2.15.jar;D:\resource\code\java\maven\apache-maven-3.8.2\repository\org\springframework\boot\spring-boot-starter-mail\2.5.6\spring-boot-starter-mail-2.5.6.jar;D:\resource\code\java\maven\apache-maven-3.8.2\repository\com\sun\mail\jakarta.mail\1.6.7\jakarta.mail-1.6.7.jar;D:\resource\code\java\maven\apache-maven-3.8.2\repository\com\sun\activation\jakarta.activation\1.2.2\jakarta.activation-1.2.2.jar;D:\resource\code\java\maven\apache-maven-3.8.2\repository\org\springframework\boot\spring-boot-devtools\2.5.6\spring-boot-devtools-2.5.6.jar;D:\resource\code\java\maven\apache-maven-3.8.2\repository\org\springframework\boot\spring-boot\2.5.6\spring-boot-2.5.6.jar;D:\resource\code\java\maven\apache-maven-3.8.2\repository\org\springframework\boot\spring-boot-autoconfigure\2.5.6\spring-boot-autoconfigure-2.5.6.jar;"/>
    <property name="sun.cpu.endian" value="little"/>
    <property name="user.home" value="C:\Users\86150"/>
    <property name="user.language" value="zh"/>
    <property name="java.specification.vendor" value="Oracle Corporation"/>
    <property name="java.home" value="C:\Program Files\Java\jdk1.8.0_201\jre"/>
    <property name="basedir" value="D:\1学习\软件工程\课程设计\spring\Spring_Test\后端test"/>
    <property name="file.separator" value="\"/>
    <property name="line.separator" value="&#10;"/>
    <property name="java.vm.specification.vendor" value="Oracle Corporation"/>
    <property name="java.specification.name" value="Java Platform API Specification"/>
    <property name="java.awt.graphicsenv" value="sun.awt.Win32GraphicsEnvironment"/>
    <property name="surefire.real.class.path" value="C:\Users\86150\AppData\Local\Temp\surefire1716896880985113014\surefirebooter8627225308471186646.jar"/>
    <property name="sun.boot.class.path" value="C:\Program Files\Java\jdk1.8.0_201\jre\lib\resources.jar;C:\Program Files\Java\jdk1.8.0_201\jre\lib\rt.jar;C:\Program Files\Java\jdk1.8.0_201\jre\lib\sunrsasign.jar;C:\Program Files\Java\jdk1.8.0_201\jre\lib\jsse.jar;C:\Program Files\Java\jdk1.8.0_201\jre\lib\jce.jar;C:\Program Files\Java\jdk1.8.0_201\jre\lib\charsets.jar;C:\Program Files\Java\jdk1.8.0_201\jre\lib\jfr.jar;C:\Program Files\Java\jdk1.8.0_201\jre\classes"/>
    <property name="user.script" value=""/>
    <property name="sun.management.compiler" value="HotSpot 64-Bit Tiered Compilers"/>
    <property name="java.runtime.version" value="1.8.0_201-b09"/>
    <property name="user.name" value="86150"/>
    <property name="path.separator" value=";"/>
    <property name="os.version" value="10.0"/>
    <property name="java.endorsed.dirs" value="C:\Program Files\Java\jdk1.8.0_201\jre\lib\endorsed"/>
    <property name="java.runtime.name" value="Java(TM) SE Runtime Environment"/>
    <property name="file.encoding" value="GBK"/>
    <property name="java.vm.name" value="Java HotSpot(TM) 64-Bit Server VM"/>
    <property name="localRepository" value="D:\resource\code\java\maven\apache-maven-3.8.2\repository"/>
    <property name="java.vendor.url.bug" value="http://bugreport.sun.com/bugreport/"/>
    <property name="java.io.tmpdir" value="C:\Users\86150\AppData\Local\Temp\"/>
    <property name="idea.version" value="2021.2.1"/>
    <property name="java.version" value="1.8.0_201"/>
    <property name="user.dir" value="D:\1学习\软件工程\课程设计\spring\Spring_Test\后端test"/>
    <property name="os.arch" value="amd64"/>
    <property name="java.vm.specification.name" value="Java Virtual Machine Specification"/>
    <property name="java.awt.printerjob" value="sun.awt.windows.WPrinterJob"/>
    <property name="sun.os.patch.level" value=""/>
    <property name="java.library.path" value="C:\Program Files\Java\jdk1.8.0_201\jre\bin;C:\WINDOWS\Sun\Java\bin;C:\WINDOWS\system32;C:\WINDOWS;C:\Program Files (x86)\Common Files\Oracle\Java\javapath;C:\Program Files\NVIDIA GPU Computing Toolkit\CUDA\v11.1\bin;C:\Program Files\NVIDIA GPU Computing Toolkit\CUDA\v11.1\libnvvp;&quot;C:\Program Files\Common Files\Oracle\Java\javapath;D:\resource\code\java\JDK\java_se\bin;D:\resource\code\java\JDK\java_se\jre\bin&quot;;D:\resource\database\bin;C:\Windows\system32;C:\Windows;C:\Windows\System32\Wbem;C:\Windows\System32\WindowsPowerShell\v1.0\;C:\Windows\System32\OpenSSH\;C:\Program Files (x86)\NVIDIA Corporation\PhysX\Common;C:\Program Files\NVIDIA Corporation\NVIDIA NvDLISR;C:\WINDOWS\system32;C:\WINDOWS;C:\WINDOWS\System32\Wbem;C:\WINDOWS\System32\WindowsPowerShell\v1.0\;C:\WINDOWS\System32\OpenSSH\;D:\1学习\实习\;C:\;rogram Files\dotnet\;D:\resource\code\java\JDK\java_se\bin\;C:\Program Files\NVIDIA Corporation\Nsight Compute 2020.2.1\;C:\Program Files\NVIDIA GPU Computing Toolkit\CUDA\v11.1\bin;C:\Program Files\NVIDIA GPU Computing Toolkit\CUDA\v11.1\lib\x64; C:\ProgramData\NVIDIA Corporation\CUDA Samples\v11.1\bin\win64; C:\ProgramData\NVIDIA Corporation\CUDA Samples\v11.1\common\lib\x64;C:\Program Files (x86)\NoteBook FanControl\;D:\resource\software\git\Git\cmd;D:\resource\software\git\Git\bin;C:\Program Files\dotnet\;D:\resource\code\environment\node_js\;C:\ProgramData\chocolatey\bin;D:\resource\code\environment\node_js\node_global;D:\resource\code\java\maven\apache-maven-3.8.2\bin;;C:\WINDOWS\system32;C:\WINDOWS;C:\WINDOWS\System32\Wbem;C:\WINDOWS\System32\WindowsPowerShell\v1.0\;C:\WINDOWS\System32\OpenSSH\;C:\Users\86150\AppData\Local\Programs\Python\Python36\Scripts\;C:\Users\86150\AppData\Local\Programs\Python\Python36\;C:\Users\86150\AppData\Local\Programs\Python\Python38\Scripts\;C:\Users\86150\AppData\Local\Programs\Python\Python38\;C:\Users\86150\AppData\Local\Microsoft\WindowsApps;C:\Program Files (x86)\IDM Computer Solutions\UltraEdit\;C:\Users\86150\.dotnet\tools;D:\resource\complier\mingw64\bin;C:\Users\86150\AppData\Local\GitHubDesktop\bin;D:\resource\软件\pycharm\PyCharm Community Edition 2021.1.3\bin;;D:\resource\code\java\JDK\java_se\bin;D:\resource\code\environment\node_js\node_global;D:\resource\software\WebStorm\WebStorm 2021.2.2\Webstorm\bin;;D:\resource\MySQL\mysql-8.0.27-winx64\bin;D:\resource\software\DataGrip\DataGrip 2021.2.4\bin;;C:\Users\86150\AppData\Roaming\npm;;."/>
    <property name="java.vm.info" value="mixed mode"/>
    <property name="java.vendor" value="Oracle Corporation"/>
    <property name="java.vm.version" value="25.201-b09"/>
    <property name="java.ext.dirs" value="C:\Program Files\Java\jdk1.8.0_201\jre\lib\ext;C:\WINDOWS\Sun\Java\lib\ext"/>
    <property name="sun.io.unicode.encoding" value="UnicodeLittle"/>
    <property name="java.class.version" value="52.0"/>
  </properties>
  <testcase name="contextLoads" classname="com.example.helloworld.HelloControllerApplicationTests" time="0.086"/>
</testsuite>